
  [4;36;1mSQL (0.1ms)[0m   [0;1mSET NAMES 'utf8'[0m
  [4;35;1mSQL (0.1ms)[0m   [0mSET SQL_AUTO_IS_NULL=0[0m
  [4;36;1mSQL (32.8ms)[0m   [0;1mSHOW TABLES[0m
  [4;35;1mSQL (87.0ms)[0m   [0mCREATE TABLE `schema_migrations` (`version` varchar(255) NOT NULL) ENGINE=InnoDB[0m
  [4;36;1mSQL (0.5ms)[0m   [0;1mSHOW KEYS FROM `schema_migrations`[0m
  [4;35;1mSQL (203.8ms)[0m   [0mCREATE UNIQUE INDEX `unique_schema_migrations` ON `schema_migrations` (`version`)[0m
  [4;36;1mSQL (0.4ms)[0m   [0;1mSHOW TABLES[0m
  [4;35;1mSQL (0.2ms)[0m   [0mSELECT version FROM schema_migrations[0m
Migrating to CreateStories (20110929231232)
  [4;36;1mSQL (112.3ms)[0m   [0;1mCREATE TABLE `stories` (`id` int(11) DEFAULT NULL auto_increment PRIMARY KEY, `created_at` datetime, `updated_at` datetime) ENGINE=InnoDB[0m
  [4;35;1mSQL (0.5ms)[0m   [0mINSERT INTO schema_migrations (version) VALUES ('20110929231232')[0m
Migrating to CreateBeginnings (20110929231706)
  [4;36;1mSQL (122.9ms)[0m   [0;1mCREATE TABLE `beginnings` (`id` int(11) DEFAULT NULL auto_increment PRIMARY KEY, `created_at` datetime, `updated_at` datetime) ENGINE=InnoDB[0m
  [4;35;1mSQL (0.5ms)[0m   [0mINSERT INTO schema_migrations (version) VALUES ('20110929231706')[0m
  [4;36;1mSQL (0.6ms)[0m   [0;1mSHOW TABLES[0m
  [4;35;1mSQL (0.4ms)[0m   [0mSELECT version FROM schema_migrations[0m
  [4;36;1mSQL (0.5ms)[0m   [0;1mSHOW TABLES[0m
  [4;35;1mSQL (2.5ms)[0m   [0mSHOW FIELDS FROM `beginnings`[0m
  [4;36;1mSQL (1.8ms)[0m   [0;1mdescribe `beginnings`[0m
  [4;35;1mSQL (0.3ms)[0m   [0mSHOW KEYS FROM `beginnings`[0m
  [4;36;1mSQL (1.5ms)[0m   [0;1mSHOW FIELDS FROM `stories`[0m
  [4;35;1mSQL (1.3ms)[0m   [0mdescribe `stories`[0m
  [4;36;1mSQL (0.2ms)[0m   [0;1mSHOW KEYS FROM `stories`[0m
  [4;36;1mSQL (0.2ms)[0m   [0;1mSET NAMES 'utf8'[0m
  [4;35;1mSQL (0.1ms)[0m   [0mSET SQL_AUTO_IS_NULL=0[0m
  [4;36;1mStory Columns (2.4ms)[0m   [0;1mSHOW FIELDS FROM `stories`[0m
  [4;36;1mSQL (0.3ms)[0m   [0;1mSHOW TABLES[0m
  [4;35;1mSQL (0.2ms)[0m   [0mSELECT version FROM schema_migrations[0m
Migrating to CreateStories (20110929231232)
  [4;36;1mSQL (99.3ms)[0m   [0;1mCREATE TABLE `stories` (`id` int(11) DEFAULT NULL auto_increment PRIMARY KEY, `title` varchar(255), `created_at` datetime, `updated_at` datetime) ENGINE=InnoDB[0m
  [4;35;1mSQL (0.5ms)[0m   [0mINSERT INTO schema_migrations (version) VALUES ('20110929231232')[0m
Migrating to CreateBeginnings (20110929231706)
  [4;36;1mSQL (244.6ms)[0m   [0;1mCREATE TABLE `beginnings` (`id` int(11) DEFAULT NULL auto_increment PRIMARY KEY, `title` varchar(255), `stories_id` int(11), `choices_id` int(11), `created_at` datetime, `updated_at` datetime) ENGINE=InnoDB[0m
  [4;35;1mSQL (0.8ms)[0m   [0mINSERT INTO schema_migrations (version) VALUES ('20110929231706')[0m
Migrating to CreateEndings (20111003170454)
  [4;36;1mSQL (98.3ms)[0m   [0;1mCREATE TABLE `endings` (`id` int(11) DEFAULT NULL auto_increment PRIMARY KEY, `title` varchar(255), `choices_id` int(11), `created_at` datetime, `updated_at` datetime) ENGINE=InnoDB[0m
  [4;35;1mSQL (0.4ms)[0m   [0mINSERT INTO schema_migrations (version) VALUES ('20111003170454')[0m
Migrating to CreatePlotPoints (20111003170715)
  [4;36;1mSQL (97.9ms)[0m   [0;1mCREATE TABLE `plot_points` (`id` int(11) DEFAULT NULL auto_increment PRIMARY KEY, `created_at` datetime, `updated_at` datetime) ENGINE=InnoDB[0m
  [4;35;1mSQL (0.5ms)[0m   [0mINSERT INTO schema_migrations (version) VALUES ('20111003170715')[0m
Migrating to CreateChoices (20111003170734)
  [4;36;1mSQL (97.6ms)[0m   [0;1mCREATE TABLE `choices` (`id` int(11) DEFAULT NULL auto_increment PRIMARY KEY, `created_at` datetime, `updated_at` datetime) ENGINE=InnoDB[0m
  [4;35;1mSQL (0.6ms)[0m   [0mINSERT INTO schema_migrations (version) VALUES ('20111003170734')[0m
  [4;36;1mSQL (0.6ms)[0m   [0;1mSHOW TABLES[0m
  [4;35;1mSQL (0.3ms)[0m   [0mSELECT version FROM schema_migrations[0m
  [4;36;1mSQL (0.5ms)[0m   [0;1mSHOW TABLES[0m
  [4;35;1mSQL (1.8ms)[0m   [0mdescribe `beginnings`[0m
  [4;36;1mSQL (0.3ms)[0m   [0;1mSHOW KEYS FROM `beginnings`[0m
  [4;35;1mSQL (1.5ms)[0m   [0mdescribe `choices`[0m
  [4;36;1mSQL (0.2ms)[0m   [0;1mSHOW KEYS FROM `choices`[0m
  [4;35;1mSQL (1.3ms)[0m   [0mdescribe `endings`[0m
  [4;36;1mSQL (0.2ms)[0m   [0;1mSHOW KEYS FROM `endings`[0m
  [4;35;1mSQL (1.3ms)[0m   [0mdescribe `plot_points`[0m
  [4;36;1mSQL (0.2ms)[0m   [0;1mSHOW KEYS FROM `plot_points`[0m
  [4;35;1mSQL (1.2ms)[0m   [0mdescribe `stories`[0m
  [4;36;1mSQL (0.2ms)[0m   [0;1mSHOW KEYS FROM `stories`[0m
  [4;36;1mSQL (0.3ms)[0m   [0;1mSHOW TABLES[0m
  [4;35;1mSQL (0.2ms)[0m   [0mSELECT version FROM schema_migrations[0m
Migrating to CreateStories (20110929231232)
Migrating to CreateBeginnings (20110929231706)
Migrating to CreateEndings (20111003170454)
Migrating to CreatePlotPoints (20111003170715)
  [4;36;1mSQL (115.5ms)[0m   [0;1mCREATE TABLE `plot_points` (`id` int(11) DEFAULT NULL auto_increment PRIMARY KEY, `choices_id` int(11), `created_at` datetime, `updated_at` datetime) ENGINE=InnoDB[0m
  [4;35;1mSQL (0.6ms)[0m   [0mINSERT INTO schema_migrations (version) VALUES ('20111003170715')[0m
Migrating to CreateChoices (20111003170734)
  [4;36;1mSQL (0.6ms)[0m   [0;1mSHOW TABLES[0m
  [4;35;1mSQL (0.3ms)[0m   [0mSELECT version FROM schema_migrations[0m
  [4;36;1mSQL (0.4ms)[0m   [0;1mSHOW TABLES[0m
  [4;35;1mSQL (1.6ms)[0m   [0mdescribe `beginnings`[0m
  [4;36;1mSQL (0.2ms)[0m   [0;1mSHOW KEYS FROM `beginnings`[0m
  [4;35;1mSQL (1.3ms)[0m   [0mdescribe `choices`[0m
  [4;36;1mSQL (0.2ms)[0m   [0;1mSHOW KEYS FROM `choices`[0m
  [4;35;1mSQL (1.4ms)[0m   [0mdescribe `endings`[0m
  [4;36;1mSQL (0.2ms)[0m   [0;1mSHOW KEYS FROM `endings`[0m
  [4;35;1mSQL (1.3ms)[0m   [0mdescribe `plot_points`[0m
  [4;36;1mSQL (0.2ms)[0m   [0;1mSHOW KEYS FROM `plot_points`[0m
  [4;35;1mSQL (1.3ms)[0m   [0mdescribe `stories`[0m
  [4;36;1mSQL (0.2ms)[0m   [0;1mSHOW KEYS FROM `stories`[0m
  [4;36;1mSQL (0.4ms)[0m   [0;1mSHOW TABLES[0m
  [4;35;1mSQL (0.2ms)[0m   [0mSELECT version FROM schema_migrations[0m
Migrating to CreateStories (20110929231232)
Migrating to CreateBeginnings (20110929231706)
Migrating to CreateEndings (20111003170454)
Migrating to CreatePlotPoints (20111003170715)
Migrating to CreateChoices (20111003170734)
  [4;36;1mSQL (110.8ms)[0m   [0;1mCREATE TABLE `choices` (`id` int(11) DEFAULT NULL auto_increment PRIMARY KEY, `descision` varchar(255), `created_at` datetime, `updated_at` datetime) ENGINE=InnoDB[0m
  [4;35;1mSQL (0.7ms)[0m   [0mINSERT INTO schema_migrations (version) VALUES ('20111003170734')[0m
  [4;36;1mSQL (0.5ms)[0m   [0;1mSHOW TABLES[0m
  [4;35;1mSQL (0.2ms)[0m   [0mSELECT version FROM schema_migrations[0m
  [4;36;1mSQL (0.3ms)[0m   [0;1mSHOW TABLES[0m
  [4;35;1mSQL (1.5ms)[0m   [0mdescribe `beginnings`[0m
  [4;36;1mSQL (0.2ms)[0m   [0;1mSHOW KEYS FROM `beginnings`[0m
  [4;35;1mSQL (1.6ms)[0m   [0mdescribe `choices`[0m
  [4;36;1mSQL (0.3ms)[0m   [0;1mSHOW KEYS FROM `choices`[0m
  [4;35;1mSQL (1.7ms)[0m   [0mdescribe `endings`[0m
  [4;36;1mSQL (0.2ms)[0m   [0;1mSHOW KEYS FROM `endings`[0m
  [4;35;1mSQL (1.4ms)[0m   [0mdescribe `plot_points`[0m
  [4;36;1mSQL (0.2ms)[0m   [0;1mSHOW KEYS FROM `plot_points`[0m
  [4;35;1mSQL (1.2ms)[0m   [0mdescribe `stories`[0m
  [4;36;1mSQL (0.2ms)[0m   [0;1mSHOW KEYS FROM `stories`[0m
  [4;36;1mSQL (0.2ms)[0m   [0;1mBEGIN[0m
  [4;35;1mStory Create (0.4ms)[0m   [0mINSERT INTO `stories` (`created_at`, `title`, `updated_at`) VALUES('2011-10-03 19:01:15', 'I\'m a story!', '2011-10-03 19:01:15')[0m
  [4;36;1mSQL (1.1ms)[0m   [0;1mCOMMIT[0m


Processing StartController#index (for 127.0.0.1 at 2011-10-03 15:02:44) [GET]
  [4;36;1mStory Load (0.4ms)[0m   [0;1mSELECT * FROM `stories` [0m
Rendering start/index
Completed in 47ms (View: 39, DB: 0) | 200 OK [http://localhost/]


Processing ApplicationController#1 (for 127.0.0.1 at 2011-10-03 15:02:53) [GET]

SyntaxError (/Users/Akil/Documents/CYOA/app/controllers/stories_controller.rb:26: syntax error, unexpected $end, expecting kEND):
  /Users/Akil/.rvm/rubies/ruby-1.8.7-p352/lib/ruby/1.8/webrick/httpserver.rb:104:in `service'
  /Users/Akil/.rvm/rubies/ruby-1.8.7-p352/lib/ruby/1.8/webrick/httpserver.rb:65:in `run'
  /Users/Akil/.rvm/rubies/ruby-1.8.7-p352/lib/ruby/1.8/webrick/server.rb:173:in `start_thread'
  /Users/Akil/.rvm/rubies/ruby-1.8.7-p352/lib/ruby/1.8/webrick/server.rb:162:in `start'
  /Users/Akil/.rvm/rubies/ruby-1.8.7-p352/lib/ruby/1.8/webrick/server.rb:162:in `start_thread'
  /Users/Akil/.rvm/rubies/ruby-1.8.7-p352/lib/ruby/1.8/webrick/server.rb:95:in `start'
  /Users/Akil/.rvm/rubies/ruby-1.8.7-p352/lib/ruby/1.8/webrick/server.rb:92:in `each'
  /Users/Akil/.rvm/rubies/ruby-1.8.7-p352/lib/ruby/1.8/webrick/server.rb:92:in `start'
  /Users/Akil/.rvm/rubies/ruby-1.8.7-p352/lib/ruby/1.8/webrick/server.rb:23:in `start'
  /Users/Akil/.rvm/rubies/ruby-1.8.7-p352/lib/ruby/1.8/webrick/server.rb:82:in `start'

Rendered rescues/_trace (30.7ms)
Rendered rescues/_request_and_response (1.0ms)
Rendering rescues/layout (internal_server_error)


Processing StartController#index (for 127.0.0.1 at 2011-10-03 15:03:06) [GET]
  [4;35;1mStory Load (0.4ms)[0m   [0mSELECT * FROM `stories` [0m
Rendering start/index
Completed in 8ms (View: 4, DB: 0) | 200 OK [http://localhost/]


Processing StartController#index (for 127.0.0.1 at 2011-10-03 15:05:07) [GET]
  [4;36;1mStory Load (0.4ms)[0m   [0;1mSELECT * FROM `stories` [0m
Rendering start/index
Completed in 7ms (View: 3, DB: 0) | 200 OK [http://localhost/]


Processing StartController#index (for 127.0.0.1 at 2011-10-03 15:05:09) [GET]
  [4;35;1mStory Load (0.4ms)[0m   [0mSELECT * FROM `stories` [0m
Rendering start/index
Completed in 8ms (View: 4, DB: 0) | 200 OK [http://localhost/]


Processing StartController#index (for 127.0.0.1 at 2011-10-03 15:06:22) [GET]
  [4;36;1mStory Load (0.4ms)[0m   [0;1mSELECT * FROM `stories` [0m
Rendering start/index
Completed in 12ms (View: 8, DB: 0) | 200 OK [http://localhost/]


Processing StartController#index (for 127.0.0.1 at 2011-10-03 15:09:15) [GET]
  [4;35;1mStory Load (0.4ms)[0m   [0mSELECT * FROM `stories` [0m
Rendering start/index
Completed in 9ms (View: 4, DB: 0) | 200 OK [http://localhost/]


Processing StartController#index (for 127.0.0.1 at 2011-10-03 15:16:14) [GET]
  [4;36;1mStory Load (0.4ms)[0m   [0;1mSELECT * FROM `stories` [0m
Rendering start/index
Completed in 11ms (View: 4, DB: 0) | 200 OK [http://localhost/]


Processing StoriesController#1 (for 127.0.0.1 at 2011-10-03 15:18:11) [GET]

ActionController::UnknownAction (No action responded to 1. Actions: create, destroy, index, new, and show):
  /Users/Akil/.rvm/rubies/ruby-1.8.7-p352/lib/ruby/1.8/webrick/httpserver.rb:104:in `service'
  /Users/Akil/.rvm/rubies/ruby-1.8.7-p352/lib/ruby/1.8/webrick/httpserver.rb:65:in `run'
  /Users/Akil/.rvm/rubies/ruby-1.8.7-p352/lib/ruby/1.8/webrick/server.rb:173:in `start_thread'
  /Users/Akil/.rvm/rubies/ruby-1.8.7-p352/lib/ruby/1.8/webrick/server.rb:162:in `start'
  /Users/Akil/.rvm/rubies/ruby-1.8.7-p352/lib/ruby/1.8/webrick/server.rb:162:in `start_thread'
  /Users/Akil/.rvm/rubies/ruby-1.8.7-p352/lib/ruby/1.8/webrick/server.rb:95:in `start'
  /Users/Akil/.rvm/rubies/ruby-1.8.7-p352/lib/ruby/1.8/webrick/server.rb:92:in `each'
  /Users/Akil/.rvm/rubies/ruby-1.8.7-p352/lib/ruby/1.8/webrick/server.rb:92:in `start'
  /Users/Akil/.rvm/rubies/ruby-1.8.7-p352/lib/ruby/1.8/webrick/server.rb:23:in `start'
  /Users/Akil/.rvm/rubies/ruby-1.8.7-p352/lib/ruby/1.8/webrick/server.rb:82:in `start'

Rendering rescues/layout (not_found)
  [4;36;1mSQL (0.1ms)[0m   [0;1mBEGIN[0m
  [4;35;1mStory Create (0.3ms)[0m   [0mINSERT INTO `stories` (`created_at`, `title`, `updated_at`) VALUES('2011-10-03 19:21:05', 'Another story', '2011-10-03 19:21:05')[0m
  [4;36;1mSQL (0.5ms)[0m   [0;1mCOMMIT[0m


Processing StartController#index (for 127.0.0.1 at 2011-10-03 15:21:19) [GET]
  [4;35;1mStory Load (0.4ms)[0m   [0mSELECT * FROM `stories` [0m
Rendering start/index
Completed in 10ms (View: 5, DB: 0) | 200 OK [http://localhost/]


Processing StartController#index (for 127.0.0.1 at 2011-10-03 15:23:36) [GET]
  [4;36;1mStory Load (0.4ms)[0m   [0;1mSELECT * FROM `stories` [0m
Rendering start/index

ActionView::TemplateError (story_url failed to generate from {:action=>"show", :controller=>"stories"} - you may have ambiguous routes, or you may need to supply additional parameters for this route.  content_url has the following required parameters: ["stories", :id] - are they all satisfied?) on line #7 of app/views/start/index.html.erb:
4: 
5: <% for story in @stories %>
6:   <p><%=h story.title %> <br />
7:    <%= link_to 'Start', story_url %>
8:   </p>
9: <% end %>

    (eval):17:in `story_url'
    app/views/start/index.html.erb:7
    app/views/start/index.html.erb:5:in `each'
    app/views/start/index.html.erb:5
    /Users/Akil/.rvm/rubies/ruby-1.8.7-p352/lib/ruby/1.8/webrick/httpserver.rb:104:in `service'
    /Users/Akil/.rvm/rubies/ruby-1.8.7-p352/lib/ruby/1.8/webrick/httpserver.rb:65:in `run'
    /Users/Akil/.rvm/rubies/ruby-1.8.7-p352/lib/ruby/1.8/webrick/server.rb:173:in `start_thread'
    /Users/Akil/.rvm/rubies/ruby-1.8.7-p352/lib/ruby/1.8/webrick/server.rb:162:in `start'
    /Users/Akil/.rvm/rubies/ruby-1.8.7-p352/lib/ruby/1.8/webrick/server.rb:162:in `start_thread'
    /Users/Akil/.rvm/rubies/ruby-1.8.7-p352/lib/ruby/1.8/webrick/server.rb:95:in `start'
    /Users/Akil/.rvm/rubies/ruby-1.8.7-p352/lib/ruby/1.8/webrick/server.rb:92:in `each'
    /Users/Akil/.rvm/rubies/ruby-1.8.7-p352/lib/ruby/1.8/webrick/server.rb:92:in `start'
    /Users/Akil/.rvm/rubies/ruby-1.8.7-p352/lib/ruby/1.8/webrick/server.rb:23:in `start'
    /Users/Akil/.rvm/rubies/ruby-1.8.7-p352/lib/ruby/1.8/webrick/server.rb:82:in `start'

Rendered rescues/_trace (39.9ms)
Rendered rescues/_request_and_response (0.4ms)
Rendering rescues/layout (internal_server_error)


Processing StartController#index (for 127.0.0.1 at 2011-10-03 15:23:55) [GET]
  [4;35;1mStory Load (0.4ms)[0m   [0mSELECT * FROM `stories` [0m
Rendering start/index
Completed in 12ms (View: 8, DB: 0) | 200 OK [http://localhost/]


Processing StoriesController#1 (for 127.0.0.1 at 2011-10-03 15:23:58) [GET]

ActionController::UnknownAction (No action responded to 1. Actions: create, destroy, index, new, and show):
  /Users/Akil/.rvm/rubies/ruby-1.8.7-p352/lib/ruby/1.8/webrick/httpserver.rb:104:in `service'
  /Users/Akil/.rvm/rubies/ruby-1.8.7-p352/lib/ruby/1.8/webrick/httpserver.rb:65:in `run'
  /Users/Akil/.rvm/rubies/ruby-1.8.7-p352/lib/ruby/1.8/webrick/server.rb:173:in `start_thread'
  /Users/Akil/.rvm/rubies/ruby-1.8.7-p352/lib/ruby/1.8/webrick/server.rb:162:in `start'
  /Users/Akil/.rvm/rubies/ruby-1.8.7-p352/lib/ruby/1.8/webrick/server.rb:162:in `start_thread'
  /Users/Akil/.rvm/rubies/ruby-1.8.7-p352/lib/ruby/1.8/webrick/server.rb:95:in `start'
  /Users/Akil/.rvm/rubies/ruby-1.8.7-p352/lib/ruby/1.8/webrick/server.rb:92:in `each'
  /Users/Akil/.rvm/rubies/ruby-1.8.7-p352/lib/ruby/1.8/webrick/server.rb:92:in `start'
  /Users/Akil/.rvm/rubies/ruby-1.8.7-p352/lib/ruby/1.8/webrick/server.rb:23:in `start'
  /Users/Akil/.rvm/rubies/ruby-1.8.7-p352/lib/ruby/1.8/webrick/server.rb:82:in `start'

Rendering rescues/layout (not_found)


Processing ApplicationController#index (for 127.0.0.1 at 2011-10-03 15:24:41) [GET]

ActionController::RoutingError (No route matches "/story/1" with {:method=>:get}):
  /Users/Akil/.rvm/rubies/ruby-1.8.7-p352/lib/ruby/1.8/webrick/httpserver.rb:104:in `service'
  /Users/Akil/.rvm/rubies/ruby-1.8.7-p352/lib/ruby/1.8/webrick/httpserver.rb:65:in `run'
  /Users/Akil/.rvm/rubies/ruby-1.8.7-p352/lib/ruby/1.8/webrick/server.rb:173:in `start_thread'
  /Users/Akil/.rvm/rubies/ruby-1.8.7-p352/lib/ruby/1.8/webrick/server.rb:162:in `start'
  /Users/Akil/.rvm/rubies/ruby-1.8.7-p352/lib/ruby/1.8/webrick/server.rb:162:in `start_thread'
  /Users/Akil/.rvm/rubies/ruby-1.8.7-p352/lib/ruby/1.8/webrick/server.rb:95:in `start'
  /Users/Akil/.rvm/rubies/ruby-1.8.7-p352/lib/ruby/1.8/webrick/server.rb:92:in `each'
  /Users/Akil/.rvm/rubies/ruby-1.8.7-p352/lib/ruby/1.8/webrick/server.rb:92:in `start'
  /Users/Akil/.rvm/rubies/ruby-1.8.7-p352/lib/ruby/1.8/webrick/server.rb:23:in `start'
  /Users/Akil/.rvm/rubies/ruby-1.8.7-p352/lib/ruby/1.8/webrick/server.rb:82:in `start'

Rendering rescues/layout (not_found)


Processing ApplicationController#index (for 127.0.0.1 at 2011-10-03 15:24:50) [GET]

ActionController::RoutingError (No route matches "/story/1/" with {:method=>:get}):
  /Users/Akil/.rvm/rubies/ruby-1.8.7-p352/lib/ruby/1.8/webrick/httpserver.rb:104:in `service'
  /Users/Akil/.rvm/rubies/ruby-1.8.7-p352/lib/ruby/1.8/webrick/httpserver.rb:65:in `run'
  /Users/Akil/.rvm/rubies/ruby-1.8.7-p352/lib/ruby/1.8/webrick/server.rb:173:in `start_thread'
  /Users/Akil/.rvm/rubies/ruby-1.8.7-p352/lib/ruby/1.8/webrick/server.rb:162:in `start'
  /Users/Akil/.rvm/rubies/ruby-1.8.7-p352/lib/ruby/1.8/webrick/server.rb:162:in `start_thread'
  /Users/Akil/.rvm/rubies/ruby-1.8.7-p352/lib/ruby/1.8/webrick/server.rb:95:in `start'
  /Users/Akil/.rvm/rubies/ruby-1.8.7-p352/lib/ruby/1.8/webrick/server.rb:92:in `each'
  /Users/Akil/.rvm/rubies/ruby-1.8.7-p352/lib/ruby/1.8/webrick/server.rb:92:in `start'
  /Users/Akil/.rvm/rubies/ruby-1.8.7-p352/lib/ruby/1.8/webrick/server.rb:23:in `start'
  /Users/Akil/.rvm/rubies/ruby-1.8.7-p352/lib/ruby/1.8/webrick/server.rb:82:in `start'

Rendering rescues/layout (not_found)


Processing StartController#index (for 127.0.0.1 at 2011-10-03 15:31:53) [GET]
  [4;36;1mStory Load (0.5ms)[0m   [0;1mSELECT * FROM `stories` [0m
Rendering start/index

ActionView::TemplateError (undefined method `fixnum_path' for #<ActionView::Base:0x103f30760>) on line #7 of app/views/start/index.html.erb:
4: 
5: <% for story in @stories %>
6:   <p><%=h story.title %> <br />
7:    <%= link_to 'Start', story.id %>
8:   </p>
9: <% end %>

    app/views/start/index.html.erb:7
    app/views/start/index.html.erb:5:in `each'
    app/views/start/index.html.erb:5
    /Users/Akil/.rvm/rubies/ruby-1.8.7-p352/lib/ruby/1.8/webrick/httpserver.rb:104:in `service'
    /Users/Akil/.rvm/rubies/ruby-1.8.7-p352/lib/ruby/1.8/webrick/httpserver.rb:65:in `run'
    /Users/Akil/.rvm/rubies/ruby-1.8.7-p352/lib/ruby/1.8/webrick/server.rb:173:in `start_thread'
    /Users/Akil/.rvm/rubies/ruby-1.8.7-p352/lib/ruby/1.8/webrick/server.rb:162:in `start'
    /Users/Akil/.rvm/rubies/ruby-1.8.7-p352/lib/ruby/1.8/webrick/server.rb:162:in `start_thread'
    /Users/Akil/.rvm/rubies/ruby-1.8.7-p352/lib/ruby/1.8/webrick/server.rb:95:in `start'
    /Users/Akil/.rvm/rubies/ruby-1.8.7-p352/lib/ruby/1.8/webrick/server.rb:92:in `each'
    /Users/Akil/.rvm/rubies/ruby-1.8.7-p352/lib/ruby/1.8/webrick/server.rb:92:in `start'
    /Users/Akil/.rvm/rubies/ruby-1.8.7-p352/lib/ruby/1.8/webrick/server.rb:23:in `start'
    /Users/Akil/.rvm/rubies/ruby-1.8.7-p352/lib/ruby/1.8/webrick/server.rb:82:in `start'

Rendered rescues/_trace (35.5ms)
Rendered rescues/_request_and_response (0.3ms)
Rendering rescues/layout (internal_server_error)


Processing StartController#index (for 127.0.0.1 at 2011-10-03 15:32:21) [GET]
  [4;35;1mStory Load (0.4ms)[0m   [0mSELECT * FROM `stories` [0m
Rendering start/index
Completed in 13ms (View: 8, DB: 0) | 200 OK [http://localhost/]


Processing StoriesController#1 (for 127.0.0.1 at 2011-10-03 15:32:23) [GET]

ActionController::UnknownAction (No action responded to 1. Actions: create, destroy, index, new, and show):
  /Users/Akil/.rvm/rubies/ruby-1.8.7-p352/lib/ruby/1.8/webrick/httpserver.rb:104:in `service'
  /Users/Akil/.rvm/rubies/ruby-1.8.7-p352/lib/ruby/1.8/webrick/httpserver.rb:65:in `run'
  /Users/Akil/.rvm/rubies/ruby-1.8.7-p352/lib/ruby/1.8/webrick/server.rb:173:in `start_thread'
  /Users/Akil/.rvm/rubies/ruby-1.8.7-p352/lib/ruby/1.8/webrick/server.rb:162:in `start'
  /Users/Akil/.rvm/rubies/ruby-1.8.7-p352/lib/ruby/1.8/webrick/server.rb:162:in `start_thread'
  /Users/Akil/.rvm/rubies/ruby-1.8.7-p352/lib/ruby/1.8/webrick/server.rb:95:in `start'
  /Users/Akil/.rvm/rubies/ruby-1.8.7-p352/lib/ruby/1.8/webrick/server.rb:92:in `each'
  /Users/Akil/.rvm/rubies/ruby-1.8.7-p352/lib/ruby/1.8/webrick/server.rb:92:in `start'
  /Users/Akil/.rvm/rubies/ruby-1.8.7-p352/lib/ruby/1.8/webrick/server.rb:23:in `start'
  /Users/Akil/.rvm/rubies/ruby-1.8.7-p352/lib/ruby/1.8/webrick/server.rb:82:in `start'

Rendering rescues/layout (not_found)


Processing StoriesController#1 (for 127.0.0.1 at 2011-10-03 15:32:32) [GET]

ActionController::UnknownAction (No action responded to 1. Actions: create, destroy, index, new, and show):
  /Users/Akil/.rvm/rubies/ruby-1.8.7-p352/lib/ruby/1.8/webrick/httpserver.rb:104:in `service'
  /Users/Akil/.rvm/rubies/ruby-1.8.7-p352/lib/ruby/1.8/webrick/httpserver.rb:65:in `run'
  /Users/Akil/.rvm/rubies/ruby-1.8.7-p352/lib/ruby/1.8/webrick/server.rb:173:in `start_thread'
  /Users/Akil/.rvm/rubies/ruby-1.8.7-p352/lib/ruby/1.8/webrick/server.rb:162:in `start'
  /Users/Akil/.rvm/rubies/ruby-1.8.7-p352/lib/ruby/1.8/webrick/server.rb:162:in `start_thread'
  /Users/Akil/.rvm/rubies/ruby-1.8.7-p352/lib/ruby/1.8/webrick/server.rb:95:in `start'
  /Users/Akil/.rvm/rubies/ruby-1.8.7-p352/lib/ruby/1.8/webrick/server.rb:92:in `each'
  /Users/Akil/.rvm/rubies/ruby-1.8.7-p352/lib/ruby/1.8/webrick/server.rb:92:in `start'
  /Users/Akil/.rvm/rubies/ruby-1.8.7-p352/lib/ruby/1.8/webrick/server.rb:23:in `start'
  /Users/Akil/.rvm/rubies/ruby-1.8.7-p352/lib/ruby/1.8/webrick/server.rb:82:in `start'

Rendering rescues/layout (not_found)


Processing StoriesController#1 (for 127.0.0.1 at 2011-10-03 15:33:54) [GET]

ActionController::UnknownAction (No action responded to 1. Actions: create, destroy, index, new, and show):
  /Users/Akil/.rvm/rubies/ruby-1.8.7-p352/lib/ruby/1.8/webrick/httpserver.rb:104:in `service'
  /Users/Akil/.rvm/rubies/ruby-1.8.7-p352/lib/ruby/1.8/webrick/httpserver.rb:65:in `run'
  /Users/Akil/.rvm/rubies/ruby-1.8.7-p352/lib/ruby/1.8/webrick/server.rb:173:in `start_thread'
  /Users/Akil/.rvm/rubies/ruby-1.8.7-p352/lib/ruby/1.8/webrick/server.rb:162:in `start'
  /Users/Akil/.rvm/rubies/ruby-1.8.7-p352/lib/ruby/1.8/webrick/server.rb:162:in `start_thread'
  /Users/Akil/.rvm/rubies/ruby-1.8.7-p352/lib/ruby/1.8/webrick/server.rb:95:in `start'
  /Users/Akil/.rvm/rubies/ruby-1.8.7-p352/lib/ruby/1.8/webrick/server.rb:92:in `each'
  /Users/Akil/.rvm/rubies/ruby-1.8.7-p352/lib/ruby/1.8/webrick/server.rb:92:in `start'
  /Users/Akil/.rvm/rubies/ruby-1.8.7-p352/lib/ruby/1.8/webrick/server.rb:23:in `start'
  /Users/Akil/.rvm/rubies/ruby-1.8.7-p352/lib/ruby/1.8/webrick/server.rb:82:in `start'

Rendering rescues/layout (not_found)


Processing StoriesController#1 (for 127.0.0.1 at 2011-10-03 15:33:57) [GET]

ActionController::UnknownAction (No action responded to 1. Actions: create, destroy, index, new, and show):
  /Users/Akil/.rvm/rubies/ruby-1.8.7-p352/lib/ruby/1.8/webrick/httpserver.rb:104:in `service'
  /Users/Akil/.rvm/rubies/ruby-1.8.7-p352/lib/ruby/1.8/webrick/httpserver.rb:65:in `run'
  /Users/Akil/.rvm/rubies/ruby-1.8.7-p352/lib/ruby/1.8/webrick/server.rb:173:in `start_thread'
  /Users/Akil/.rvm/rubies/ruby-1.8.7-p352/lib/ruby/1.8/webrick/server.rb:162:in `start'
  /Users/Akil/.rvm/rubies/ruby-1.8.7-p352/lib/ruby/1.8/webrick/server.rb:162:in `start_thread'
  /Users/Akil/.rvm/rubies/ruby-1.8.7-p352/lib/ruby/1.8/webrick/server.rb:95:in `start'
  /Users/Akil/.rvm/rubies/ruby-1.8.7-p352/lib/ruby/1.8/webrick/server.rb:92:in `each'
  /Users/Akil/.rvm/rubies/ruby-1.8.7-p352/lib/ruby/1.8/webrick/server.rb:92:in `start'
  /Users/Akil/.rvm/rubies/ruby-1.8.7-p352/lib/ruby/1.8/webrick/server.rb:23:in `start'
  /Users/Akil/.rvm/rubies/ruby-1.8.7-p352/lib/ruby/1.8/webrick/server.rb:82:in `start'

Rendering rescues/layout (not_found)


Processing StoriesController#1 (for 127.0.0.1 at 2011-10-03 15:34:08) [GET]

ActionController::UnknownAction (No action responded to 1. Actions: create, destroy, index, new, and show):
  /Users/Akil/.rvm/rubies/ruby-1.8.7-p352/lib/ruby/1.8/webrick/httpserver.rb:104:in `service'
  /Users/Akil/.rvm/rubies/ruby-1.8.7-p352/lib/ruby/1.8/webrick/httpserver.rb:65:in `run'
  /Users/Akil/.rvm/rubies/ruby-1.8.7-p352/lib/ruby/1.8/webrick/server.rb:173:in `start_thread'
  /Users/Akil/.rvm/rubies/ruby-1.8.7-p352/lib/ruby/1.8/webrick/server.rb:162:in `start'
  /Users/Akil/.rvm/rubies/ruby-1.8.7-p352/lib/ruby/1.8/webrick/server.rb:162:in `start_thread'
  /Users/Akil/.rvm/rubies/ruby-1.8.7-p352/lib/ruby/1.8/webrick/server.rb:95:in `start'
  /Users/Akil/.rvm/rubies/ruby-1.8.7-p352/lib/ruby/1.8/webrick/server.rb:92:in `each'
  /Users/Akil/.rvm/rubies/ruby-1.8.7-p352/lib/ruby/1.8/webrick/server.rb:92:in `start'
  /Users/Akil/.rvm/rubies/ruby-1.8.7-p352/lib/ruby/1.8/webrick/server.rb:23:in `start'
  /Users/Akil/.rvm/rubies/ruby-1.8.7-p352/lib/ruby/1.8/webrick/server.rb:82:in `start'

Rendering rescues/layout (not_found)


Processing StoriesController#1 (for 127.0.0.1 at 2011-10-03 15:34:10) [GET]

ActionController::UnknownAction (No action responded to 1. Actions: create, destroy, index, new, and show):
  /Users/Akil/.rvm/rubies/ruby-1.8.7-p352/lib/ruby/1.8/webrick/httpserver.rb:104:in `service'
  /Users/Akil/.rvm/rubies/ruby-1.8.7-p352/lib/ruby/1.8/webrick/httpserver.rb:65:in `run'
  /Users/Akil/.rvm/rubies/ruby-1.8.7-p352/lib/ruby/1.8/webrick/server.rb:173:in `start_thread'
  /Users/Akil/.rvm/rubies/ruby-1.8.7-p352/lib/ruby/1.8/webrick/server.rb:162:in `start'
  /Users/Akil/.rvm/rubies/ruby-1.8.7-p352/lib/ruby/1.8/webrick/server.rb:162:in `start_thread'
  /Users/Akil/.rvm/rubies/ruby-1.8.7-p352/lib/ruby/1.8/webrick/server.rb:95:in `start'
  /Users/Akil/.rvm/rubies/ruby-1.8.7-p352/lib/ruby/1.8/webrick/server.rb:92:in `each'
  /Users/Akil/.rvm/rubies/ruby-1.8.7-p352/lib/ruby/1.8/webrick/server.rb:92:in `start'
  /Users/Akil/.rvm/rubies/ruby-1.8.7-p352/lib/ruby/1.8/webrick/server.rb:23:in `start'
  /Users/Akil/.rvm/rubies/ruby-1.8.7-p352/lib/ruby/1.8/webrick/server.rb:82:in `start'

Rendering rescues/layout (not_found)


Processing StoriesController#1 (for 127.0.0.1 at 2011-10-03 15:35:02) [GET]

ActionController::UnknownAction (No action responded to 1. Actions: create, destroy, index, new, and show):
  /Users/Akil/.rvm/rubies/ruby-1.8.7-p352/lib/ruby/1.8/webrick/httpserver.rb:104:in `service'
  /Users/Akil/.rvm/rubies/ruby-1.8.7-p352/lib/ruby/1.8/webrick/httpserver.rb:65:in `run'
  /Users/Akil/.rvm/rubies/ruby-1.8.7-p352/lib/ruby/1.8/webrick/server.rb:173:in `start_thread'
  /Users/Akil/.rvm/rubies/ruby-1.8.7-p352/lib/ruby/1.8/webrick/server.rb:162:in `start'
  /Users/Akil/.rvm/rubies/ruby-1.8.7-p352/lib/ruby/1.8/webrick/server.rb:162:in `start_thread'
  /Users/Akil/.rvm/rubies/ruby-1.8.7-p352/lib/ruby/1.8/webrick/server.rb:95:in `start'
  /Users/Akil/.rvm/rubies/ruby-1.8.7-p352/lib/ruby/1.8/webrick/server.rb:92:in `each'
  /Users/Akil/.rvm/rubies/ruby-1.8.7-p352/lib/ruby/1.8/webrick/server.rb:92:in `start'
  /Users/Akil/.rvm/rubies/ruby-1.8.7-p352/lib/ruby/1.8/webrick/server.rb:23:in `start'
  /Users/Akil/.rvm/rubies/ruby-1.8.7-p352/lib/ruby/1.8/webrick/server.rb:82:in `start'

Rendering rescues/layout (not_found)


Processing StoriesController#1 (for 127.0.0.1 at 2011-10-03 15:35:03) [GET]

ActionController::UnknownAction (No action responded to 1. Actions: create, destroy, index, new, and show):
  /Users/Akil/.rvm/rubies/ruby-1.8.7-p352/lib/ruby/1.8/webrick/httpserver.rb:104:in `service'
  /Users/Akil/.rvm/rubies/ruby-1.8.7-p352/lib/ruby/1.8/webrick/httpserver.rb:65:in `run'
  /Users/Akil/.rvm/rubies/ruby-1.8.7-p352/lib/ruby/1.8/webrick/server.rb:173:in `start_thread'
  /Users/Akil/.rvm/rubies/ruby-1.8.7-p352/lib/ruby/1.8/webrick/server.rb:162:in `start'
  /Users/Akil/.rvm/rubies/ruby-1.8.7-p352/lib/ruby/1.8/webrick/server.rb:162:in `start_thread'
  /Users/Akil/.rvm/rubies/ruby-1.8.7-p352/lib/ruby/1.8/webrick/server.rb:95:in `start'
  /Users/Akil/.rvm/rubies/ruby-1.8.7-p352/lib/ruby/1.8/webrick/server.rb:92:in `each'
  /Users/Akil/.rvm/rubies/ruby-1.8.7-p352/lib/ruby/1.8/webrick/server.rb:92:in `start'
  /Users/Akil/.rvm/rubies/ruby-1.8.7-p352/lib/ruby/1.8/webrick/server.rb:23:in `start'
  /Users/Akil/.rvm/rubies/ruby-1.8.7-p352/lib/ruby/1.8/webrick/server.rb:82:in `start'

Rendering rescues/layout (not_found)


Processing StoriesController#1 (for 127.0.0.1 at 2011-10-03 15:35:04) [GET]

ActionController::UnknownAction (No action responded to 1. Actions: create, destroy, index, new, and show):
  /Users/Akil/.rvm/rubies/ruby-1.8.7-p352/lib/ruby/1.8/webrick/httpserver.rb:104:in `service'
  /Users/Akil/.rvm/rubies/ruby-1.8.7-p352/lib/ruby/1.8/webrick/httpserver.rb:65:in `run'
  /Users/Akil/.rvm/rubies/ruby-1.8.7-p352/lib/ruby/1.8/webrick/server.rb:173:in `start_thread'
  /Users/Akil/.rvm/rubies/ruby-1.8.7-p352/lib/ruby/1.8/webrick/server.rb:162:in `start'
  /Users/Akil/.rvm/rubies/ruby-1.8.7-p352/lib/ruby/1.8/webrick/server.rb:162:in `start_thread'
  /Users/Akil/.rvm/rubies/ruby-1.8.7-p352/lib/ruby/1.8/webrick/server.rb:95:in `start'
  /Users/Akil/.rvm/rubies/ruby-1.8.7-p352/lib/ruby/1.8/webrick/server.rb:92:in `each'
  /Users/Akil/.rvm/rubies/ruby-1.8.7-p352/lib/ruby/1.8/webrick/server.rb:92:in `start'
  /Users/Akil/.rvm/rubies/ruby-1.8.7-p352/lib/ruby/1.8/webrick/server.rb:23:in `start'
  /Users/Akil/.rvm/rubies/ruby-1.8.7-p352/lib/ruby/1.8/webrick/server.rb:82:in `start'

Rendering rescues/layout (not_found)


Processing StoriesController#1 (for 127.0.0.1 at 2011-10-03 15:35:04) [GET]

ActionController::UnknownAction (No action responded to 1. Actions: create, destroy, index, new, and show):
  /Users/Akil/.rvm/rubies/ruby-1.8.7-p352/lib/ruby/1.8/webrick/httpserver.rb:104:in `service'
  /Users/Akil/.rvm/rubies/ruby-1.8.7-p352/lib/ruby/1.8/webrick/httpserver.rb:65:in `run'
  /Users/Akil/.rvm/rubies/ruby-1.8.7-p352/lib/ruby/1.8/webrick/server.rb:173:in `start_thread'
  /Users/Akil/.rvm/rubies/ruby-1.8.7-p352/lib/ruby/1.8/webrick/server.rb:162:in `start'
  /Users/Akil/.rvm/rubies/ruby-1.8.7-p352/lib/ruby/1.8/webrick/server.rb:162:in `start_thread'
  /Users/Akil/.rvm/rubies/ruby-1.8.7-p352/lib/ruby/1.8/webrick/server.rb:95:in `start'
  /Users/Akil/.rvm/rubies/ruby-1.8.7-p352/lib/ruby/1.8/webrick/server.rb:92:in `each'
  /Users/Akil/.rvm/rubies/ruby-1.8.7-p352/lib/ruby/1.8/webrick/server.rb:92:in `start'
  /Users/Akil/.rvm/rubies/ruby-1.8.7-p352/lib/ruby/1.8/webrick/server.rb:23:in `start'
  /Users/Akil/.rvm/rubies/ruby-1.8.7-p352/lib/ruby/1.8/webrick/server.rb:82:in `start'

Rendering rescues/layout (not_found)


Processing StoriesController#1 (for 127.0.0.1 at 2011-10-03 15:35:04) [GET]

ActionController::UnknownAction (No action responded to 1. Actions: create, destroy, index, new, and show):
  /Users/Akil/.rvm/rubies/ruby-1.8.7-p352/lib/ruby/1.8/webrick/httpserver.rb:104:in `service'
  /Users/Akil/.rvm/rubies/ruby-1.8.7-p352/lib/ruby/1.8/webrick/httpserver.rb:65:in `run'
  /Users/Akil/.rvm/rubies/ruby-1.8.7-p352/lib/ruby/1.8/webrick/server.rb:173:in `start_thread'
  /Users/Akil/.rvm/rubies/ruby-1.8.7-p352/lib/ruby/1.8/webrick/server.rb:162:in `start'
  /Users/Akil/.rvm/rubies/ruby-1.8.7-p352/lib/ruby/1.8/webrick/server.rb:162:in `start_thread'
  /Users/Akil/.rvm/rubies/ruby-1.8.7-p352/lib/ruby/1.8/webrick/server.rb:95:in `start'
  /Users/Akil/.rvm/rubies/ruby-1.8.7-p352/lib/ruby/1.8/webrick/server.rb:92:in `each'
  /Users/Akil/.rvm/rubies/ruby-1.8.7-p352/lib/ruby/1.8/webrick/server.rb:92:in `start'
  /Users/Akil/.rvm/rubies/ruby-1.8.7-p352/lib/ruby/1.8/webrick/server.rb:23:in `start'
  /Users/Akil/.rvm/rubies/ruby-1.8.7-p352/lib/ruby/1.8/webrick/server.rb:82:in `start'

Rendering rescues/layout (not_found)


Processing StoriesController#1 (for 127.0.0.1 at 2011-10-03 15:35:05) [GET]

ActionController::UnknownAction (No action responded to 1. Actions: create, destroy, index, new, and show):
  /Users/Akil/.rvm/rubies/ruby-1.8.7-p352/lib/ruby/1.8/webrick/httpserver.rb:104:in `service'
  /Users/Akil/.rvm/rubies/ruby-1.8.7-p352/lib/ruby/1.8/webrick/httpserver.rb:65:in `run'
  /Users/Akil/.rvm/rubies/ruby-1.8.7-p352/lib/ruby/1.8/webrick/server.rb:173:in `start_thread'
  /Users/Akil/.rvm/rubies/ruby-1.8.7-p352/lib/ruby/1.8/webrick/server.rb:162:in `start'
  /Users/Akil/.rvm/rubies/ruby-1.8.7-p352/lib/ruby/1.8/webrick/server.rb:162:in `start_thread'
  /Users/Akil/.rvm/rubies/ruby-1.8.7-p352/lib/ruby/1.8/webrick/server.rb:95:in `start'
  /Users/Akil/.rvm/rubies/ruby-1.8.7-p352/lib/ruby/1.8/webrick/server.rb:92:in `each'
  /Users/Akil/.rvm/rubies/ruby-1.8.7-p352/lib/ruby/1.8/webrick/server.rb:92:in `start'
  /Users/Akil/.rvm/rubies/ruby-1.8.7-p352/lib/ruby/1.8/webrick/server.rb:23:in `start'
  /Users/Akil/.rvm/rubies/ruby-1.8.7-p352/lib/ruby/1.8/webrick/server.rb:82:in `start'

Rendering rescues/layout (not_found)


Processing StoriesController#1 (for 127.0.0.1 at 2011-10-03 15:35:05) [GET]

ActionController::UnknownAction (No action responded to 1. Actions: create, destroy, index, new, and show):
  /Users/Akil/.rvm/rubies/ruby-1.8.7-p352/lib/ruby/1.8/webrick/httpserver.rb:104:in `service'
  /Users/Akil/.rvm/rubies/ruby-1.8.7-p352/lib/ruby/1.8/webrick/httpserver.rb:65:in `run'
  /Users/Akil/.rvm/rubies/ruby-1.8.7-p352/lib/ruby/1.8/webrick/server.rb:173:in `start_thread'
  /Users/Akil/.rvm/rubies/ruby-1.8.7-p352/lib/ruby/1.8/webrick/server.rb:162:in `start'
  /Users/Akil/.rvm/rubies/ruby-1.8.7-p352/lib/ruby/1.8/webrick/server.rb:162:in `start_thread'
  /Users/Akil/.rvm/rubies/ruby-1.8.7-p352/lib/ruby/1.8/webrick/server.rb:95:in `start'
  /Users/Akil/.rvm/rubies/ruby-1.8.7-p352/lib/ruby/1.8/webrick/server.rb:92:in `each'
  /Users/Akil/.rvm/rubies/ruby-1.8.7-p352/lib/ruby/1.8/webrick/server.rb:92:in `start'
  /Users/Akil/.rvm/rubies/ruby-1.8.7-p352/lib/ruby/1.8/webrick/server.rb:23:in `start'
  /Users/Akil/.rvm/rubies/ruby-1.8.7-p352/lib/ruby/1.8/webrick/server.rb:82:in `start'

Rendering rescues/layout (not_found)


Processing StoriesController#1 (for 127.0.0.1 at 2011-10-03 15:35:05) [GET]

ActionController::UnknownAction (No action responded to 1. Actions: create, destroy, index, new, and show):
  /Users/Akil/.rvm/rubies/ruby-1.8.7-p352/lib/ruby/1.8/webrick/httpserver.rb:104:in `service'
  /Users/Akil/.rvm/rubies/ruby-1.8.7-p352/lib/ruby/1.8/webrick/httpserver.rb:65:in `run'
  /Users/Akil/.rvm/rubies/ruby-1.8.7-p352/lib/ruby/1.8/webrick/server.rb:173:in `start_thread'
  /Users/Akil/.rvm/rubies/ruby-1.8.7-p352/lib/ruby/1.8/webrick/server.rb:162:in `start'
  /Users/Akil/.rvm/rubies/ruby-1.8.7-p352/lib/ruby/1.8/webrick/server.rb:162:in `start_thread'
  /Users/Akil/.rvm/rubies/ruby-1.8.7-p352/lib/ruby/1.8/webrick/server.rb:95:in `start'
  /Users/Akil/.rvm/rubies/ruby-1.8.7-p352/lib/ruby/1.8/webrick/server.rb:92:in `each'
  /Users/Akil/.rvm/rubies/ruby-1.8.7-p352/lib/ruby/1.8/webrick/server.rb:92:in `start'
  /Users/Akil/.rvm/rubies/ruby-1.8.7-p352/lib/ruby/1.8/webrick/server.rb:23:in `start'
  /Users/Akil/.rvm/rubies/ruby-1.8.7-p352/lib/ruby/1.8/webrick/server.rb:82:in `start'

Rendering rescues/layout (not_found)


Processing StoriesController#1 (for 127.0.0.1 at 2011-10-03 15:35:05) [GET]

ActionController::UnknownAction (No action responded to 1. Actions: create, destroy, index, new, and show):
  /Users/Akil/.rvm/rubies/ruby-1.8.7-p352/lib/ruby/1.8/webrick/httpserver.rb:104:in `service'
  /Users/Akil/.rvm/rubies/ruby-1.8.7-p352/lib/ruby/1.8/webrick/httpserver.rb:65:in `run'
  /Users/Akil/.rvm/rubies/ruby-1.8.7-p352/lib/ruby/1.8/webrick/server.rb:173:in `start_thread'
  /Users/Akil/.rvm/rubies/ruby-1.8.7-p352/lib/ruby/1.8/webrick/server.rb:162:in `start'
  /Users/Akil/.rvm/rubies/ruby-1.8.7-p352/lib/ruby/1.8/webrick/server.rb:162:in `start_thread'
  /Users/Akil/.rvm/rubies/ruby-1.8.7-p352/lib/ruby/1.8/webrick/server.rb:95:in `start'
  /Users/Akil/.rvm/rubies/ruby-1.8.7-p352/lib/ruby/1.8/webrick/server.rb:92:in `each'
  /Users/Akil/.rvm/rubies/ruby-1.8.7-p352/lib/ruby/1.8/webrick/server.rb:92:in `start'
  /Users/Akil/.rvm/rubies/ruby-1.8.7-p352/lib/ruby/1.8/webrick/server.rb:23:in `start'
  /Users/Akil/.rvm/rubies/ruby-1.8.7-p352/lib/ruby/1.8/webrick/server.rb:82:in `start'

Rendering rescues/layout (not_found)


Processing StoriesController#1 (for 127.0.0.1 at 2011-10-03 15:35:05) [GET]

ActionController::UnknownAction (No action responded to 1. Actions: create, destroy, index, new, and show):
  /Users/Akil/.rvm/rubies/ruby-1.8.7-p352/lib/ruby/1.8/webrick/httpserver.rb:104:in `service'
  /Users/Akil/.rvm/rubies/ruby-1.8.7-p352/lib/ruby/1.8/webrick/httpserver.rb:65:in `run'
  /Users/Akil/.rvm/rubies/ruby-1.8.7-p352/lib/ruby/1.8/webrick/server.rb:173:in `start_thread'
  /Users/Akil/.rvm/rubies/ruby-1.8.7-p352/lib/ruby/1.8/webrick/server.rb:162:in `start'
  /Users/Akil/.rvm/rubies/ruby-1.8.7-p352/lib/ruby/1.8/webrick/server.rb:162:in `start_thread'
  /Users/Akil/.rvm/rubies/ruby-1.8.7-p352/lib/ruby/1.8/webrick/server.rb:95:in `start'
  /Users/Akil/.rvm/rubies/ruby-1.8.7-p352/lib/ruby/1.8/webrick/server.rb:92:in `each'
  /Users/Akil/.rvm/rubies/ruby-1.8.7-p352/lib/ruby/1.8/webrick/server.rb:92:in `start'
  /Users/Akil/.rvm/rubies/ruby-1.8.7-p352/lib/ruby/1.8/webrick/server.rb:23:in `start'
  /Users/Akil/.rvm/rubies/ruby-1.8.7-p352/lib/ruby/1.8/webrick/server.rb:82:in `start'

Rendering rescues/layout (not_found)


Processing StoriesController#1 (for 127.0.0.1 at 2011-10-03 15:35:05) [GET]

ActionController::UnknownAction (No action responded to 1. Actions: create, destroy, index, new, and show):
  /Users/Akil/.rvm/rubies/ruby-1.8.7-p352/lib/ruby/1.8/webrick/httpserver.rb:104:in `service'
  /Users/Akil/.rvm/rubies/ruby-1.8.7-p352/lib/ruby/1.8/webrick/httpserver.rb:65:in `run'
  /Users/Akil/.rvm/rubies/ruby-1.8.7-p352/lib/ruby/1.8/webrick/server.rb:173:in `start_thread'
  /Users/Akil/.rvm/rubies/ruby-1.8.7-p352/lib/ruby/1.8/webrick/server.rb:162:in `start'
  /Users/Akil/.rvm/rubies/ruby-1.8.7-p352/lib/ruby/1.8/webrick/server.rb:162:in `start_thread'
  /Users/Akil/.rvm/rubies/ruby-1.8.7-p352/lib/ruby/1.8/webrick/server.rb:95:in `start'
  /Users/Akil/.rvm/rubies/ruby-1.8.7-p352/lib/ruby/1.8/webrick/server.rb:92:in `each'
  /Users/Akil/.rvm/rubies/ruby-1.8.7-p352/lib/ruby/1.8/webrick/server.rb:92:in `start'
  /Users/Akil/.rvm/rubies/ruby-1.8.7-p352/lib/ruby/1.8/webrick/server.rb:23:in `start'
  /Users/Akil/.rvm/rubies/ruby-1.8.7-p352/lib/ruby/1.8/webrick/server.rb:82:in `start'

Rendering rescues/layout (not_found)
